*** Starting uWSGI 2.0.21 (64bit) on [Fri Mar  3 14:38:06 2023] ***
compiled with version: 10.2.1 20210110 on 03 March 2023 14:34:59
os: Linux-5.15.79.1-microsoft-standard-WSL2 #1 SMP Wed Nov 23 01:01:46 UTC 2022
nodename: 820d1b4edeea
machine: x86_64
clock source: unix
pcre jit disabled
detected number of CPU cores: 12
current working directory: /app
detected binary path: /usr/local/bin/uwsgi
uWSGI running as root, you can use --uid/--gid/--chroot options
*** WARNING: you are running uWSGI as root !!! (use the --uid flag) *** 
*** WARNING: you are running uWSGI without its master process manager ***
your memory page size is 4096 bytes
detected max file descriptor number: 1048576
lock engine: pthread robust mutexes
thunder lock: disabled (you can enable it with --thunder-lock)
uWSGI http bound on 0.0.0.0:5000 fd 4
spawned uWSGI http 1 (pid: 7)
uwsgi socket 0 bound to TCP address 127.0.0.1:34941 (port auto-assigned) fd 3
uWSGI running as root, you can use --uid/--gid/--chroot options
*** WARNING: you are running uWSGI as root !!! (use the --uid flag) *** 
Python version: 3.9.16 (main, Mar  1 2023, 15:45:29)  [GCC 10.2.1 20210110]
*** Python threads support is disabled. You can enable it with --enable-threads ***
Python main interpreter initialized at 0x564698088590
uWSGI running as root, you can use --uid/--gid/--chroot options
*** WARNING: you are running uWSGI as root !!! (use the --uid flag) *** 
your server socket listen backlog is limited to 100 connections
your mercy for graceful operations on workers is 60 seconds
mapped 72920 bytes (71 KB) for 1 cores
*** Operational MODE: single process ***
WSGI app 0 (mountpoint='') ready in 0 seconds on interpreter 0x564698088590 pid: 1 (default app)
uWSGI running as root, you can use --uid/--gid/--chroot options
*** WARNING: you are running uWSGI as root !!! (use the --uid flag) *** 
*** uWSGI is running in multiple interpreter mode ***
spawned uWSGI worker 1 (and the only) (pid: 1, cores: 1)
*** Starting uWSGI 2.0.21 (64bit) on [Fri Mar  3 14:41:04 2023] ***
compiled with version: 10.2.1 20210110 on 03 March 2023 14:34:59
os: Linux-5.15.79.1-microsoft-standard-WSL2 #1 SMP Wed Nov 23 01:01:46 UTC 2022
nodename: 10abde75ded9
machine: x86_64
clock source: unix
pcre jit disabled
detected number of CPU cores: 12
current working directory: /app
detected binary path: /usr/local/bin/uwsgi
uWSGI running as root, you can use --uid/--gid/--chroot options
*** WARNING: you are running uWSGI as root !!! (use the --uid flag) *** 
*** WARNING: you are running uWSGI without its master process manager ***
your memory page size is 4096 bytes
detected max file descriptor number: 1048576
lock engine: pthread robust mutexes
thunder lock: disabled (you can enable it with --thunder-lock)
uWSGI http bound on 0.0.0.0:5000 fd 4
spawned uWSGI http 1 (pid: 7)
uwsgi socket 0 bound to TCP address 127.0.0.1:46419 (port auto-assigned) fd 3
uWSGI running as root, you can use --uid/--gid/--chroot options
*** WARNING: you are running uWSGI as root !!! (use the --uid flag) *** 
Python version: 3.9.16 (main, Mar  1 2023, 15:45:29)  [GCC 10.2.1 20210110]
*** Python threads support is disabled. You can enable it with --enable-threads ***
Python main interpreter initialized at 0x562da1499590
uWSGI running as root, you can use --uid/--gid/--chroot options
*** WARNING: you are running uWSGI as root !!! (use the --uid flag) *** 
your server socket listen backlog is limited to 100 connections
your mercy for graceful operations on workers is 60 seconds
mapped 72920 bytes (71 KB) for 1 cores
*** Operational MODE: single process ***
WSGI app 0 (mountpoint='') ready in 0 seconds on interpreter 0x562da1499590 pid: 1 (default app)
uWSGI running as root, you can use --uid/--gid/--chroot options
*** WARNING: you are running uWSGI as root !!! (use the --uid flag) *** 
*** uWSGI is running in multiple interpreter mode ***
spawned uWSGI worker 1 (and the only) (pid: 1, cores: 1)
[pid: 1|app: 0|req: 1/1] 172.26.0.3 () {52 vars in 900 bytes} [Fri Mar  3 14:41:10 2023] GET / => generated 27 bytes in 0 msecs (HTTP/1.0 200) 2 headers in 71 bytes (1 switches on core 0)
[pid: 1|app: 0|req: 2/2] 172.26.0.3 () {50 vars in 866 bytes} [Fri Mar  3 14:41:10 2023] GET /favicon.ico => generated 207 bytes in 1 msecs (HTTP/1.0 404) 2 headers in 87 bytes (1 switches on core 0)
